<?xml version="1.0" encoding="UTF-8"?>
<testsuite xmlns:xsi="http://www.w3.org/2001/XMLSchema-instance" xsi:noNamespaceSchemaLocation="https://maven.apache.org/surefire/maven-surefire-plugin/xsd/surefire-test-report.xsd" name="com.java.XmlTest" time="0.052" tests="1" errors="0" skipped="0" failures="0">
  <properties>
    <property name="sun.desktop" value="windows"/>
    <property name="awt.toolkit" value="sun.awt.windows.WToolkit"/>
    <property name="file.encoding.pkg" value="sun.io"/>
    <property name="java.specification.version" value="1.8"/>
    <property name="sun.cpu.isalist" value="amd64"/>
    <property name="sun.jnu.encoding" value="GBK"/>
    <property name="java.class.path" value="E:\workplace\liveLearningPlatform-master\target\test-classes;E:\workplace\liveLearningPlatform-master\target\classes;D:\maven\maven_jar\org\springframework\boot\spring-boot-starter-jdbc\2.2.4.RELEASE\spring-boot-starter-jdbc-2.2.4.RELEASE.jar;D:\maven\maven_jar\org\springframework\boot\spring-boot-starter\2.2.4.RELEASE\spring-boot-starter-2.2.4.RELEASE.jar;D:\maven\maven_jar\org\springframework\boot\spring-boot-starter-logging\2.2.4.RELEASE\spring-boot-starter-logging-2.2.4.RELEASE.jar;D:\maven\maven_jar\ch\qos\logback\logback-classic\1.2.3\logback-classic-1.2.3.jar;D:\maven\maven_jar\ch\qos\logback\logback-core\1.2.3\logback-core-1.2.3.jar;D:\maven\maven_jar\org\apache\logging\log4j\log4j-to-slf4j\2.12.1\log4j-to-slf4j-2.12.1.jar;D:\maven\maven_jar\org\apache\logging\log4j\log4j-api\2.12.1\log4j-api-2.12.1.jar;D:\maven\maven_jar\org\slf4j\jul-to-slf4j\1.7.30\jul-to-slf4j-1.7.30.jar;D:\maven\maven_jar\jakarta\annotation\jakarta.annotation-api\1.3.5\jakarta.annotation-api-1.3.5.jar;D:\maven\maven_jar\org\yaml\snakeyaml\1.25\snakeyaml-1.25.jar;D:\maven\maven_jar\com\zaxxer\HikariCP\3.4.2\HikariCP-3.4.2.jar;D:\maven\maven_jar\org\slf4j\slf4j-api\1.7.30\slf4j-api-1.7.30.jar;D:\maven\maven_jar\org\springframework\spring-jdbc\5.2.3.RELEASE\spring-jdbc-5.2.3.RELEASE.jar;D:\maven\maven_jar\org\springframework\spring-beans\5.2.3.RELEASE\spring-beans-5.2.3.RELEASE.jar;D:\maven\maven_jar\org\springframework\spring-tx\5.2.3.RELEASE\spring-tx-5.2.3.RELEASE.jar;D:\maven\maven_jar\org\springframework\boot\spring-boot-starter-web\2.2.4.RELEASE\spring-boot-starter-web-2.2.4.RELEASE.jar;D:\maven\maven_jar\org\springframework\boot\spring-boot-starter-json\2.2.4.RELEASE\spring-boot-starter-json-2.2.4.RELEASE.jar;D:\maven\maven_jar\com\fasterxml\jackson\core\jackson-databind\2.10.2\jackson-databind-2.10.2.jar;D:\maven\maven_jar\com\fasterxml\jackson\core\jackson-annotations\2.10.2\jackson-annotations-2.10.2.jar;D:\maven\maven_jar\com\fasterxml\jackson\core\jackson-core\2.10.2\jackson-core-2.10.2.jar;D:\maven\maven_jar\com\fasterxml\jackson\datatype\jackson-datatype-jdk8\2.10.2\jackson-datatype-jdk8-2.10.2.jar;D:\maven\maven_jar\com\fasterxml\jackson\datatype\jackson-datatype-jsr310\2.10.2\jackson-datatype-jsr310-2.10.2.jar;D:\maven\maven_jar\com\fasterxml\jackson\module\jackson-module-parameter-names\2.10.2\jackson-module-parameter-names-2.10.2.jar;D:\maven\maven_jar\org\springframework\boot\spring-boot-starter-tomcat\2.2.4.RELEASE\spring-boot-starter-tomcat-2.2.4.RELEASE.jar;D:\maven\maven_jar\org\apache\tomcat\embed\tomcat-embed-core\9.0.30\tomcat-embed-core-9.0.30.jar;D:\maven\maven_jar\org\apache\tomcat\embed\tomcat-embed-el\9.0.30\tomcat-embed-el-9.0.30.jar;D:\maven\maven_jar\org\apache\tomcat\embed\tomcat-embed-websocket\9.0.30\tomcat-embed-websocket-9.0.30.jar;D:\maven\maven_jar\org\springframework\boot\spring-boot-starter-validation\2.2.4.RELEASE\spring-boot-starter-validation-2.2.4.RELEASE.jar;D:\maven\maven_jar\jakarta\validation\jakarta.validation-api\2.0.2\jakarta.validation-api-2.0.2.jar;D:\maven\maven_jar\org\hibernate\validator\hibernate-validator\6.0.18.Final\hibernate-validator-6.0.18.Final.jar;D:\maven\maven_jar\org\jboss\logging\jboss-logging\3.4.1.Final\jboss-logging-3.4.1.Final.jar;D:\maven\maven_jar\com\fasterxml\classmate\1.5.1\classmate-1.5.1.jar;D:\maven\maven_jar\org\springframework\spring-web\5.2.3.RELEASE\spring-web-5.2.3.RELEASE.jar;D:\maven\maven_jar\org\springframework\spring-webmvc\5.2.3.RELEASE\spring-webmvc-5.2.3.RELEASE.jar;D:\maven\maven_jar\org\springframework\spring-aop\5.2.3.RELEASE\spring-aop-5.2.3.RELEASE.jar;D:\maven\maven_jar\org\springframework\spring-context\5.2.3.RELEASE\spring-context-5.2.3.RELEASE.jar;D:\maven\maven_jar\org\springframework\spring-expression\5.2.3.RELEASE\spring-expression-5.2.3.RELEASE.jar;D:\maven\maven_jar\org\mybatis\spring\boot\mybatis-spring-boot-starter\2.1.1\mybatis-spring-boot-starter-2.1.1.jar;D:\maven\maven_jar\org\mybatis\spring\boot\mybatis-spring-boot-autoconfigure\2.1.1\mybatis-spring-boot-autoconfigure-2.1.1.jar;D:\maven\maven_jar\org\mybatis\mybatis\3.5.3\mybatis-3.5.3.jar;D:\maven\maven_jar\org\mybatis\mybatis-spring\2.0.3\mybatis-spring-2.0.3.jar;D:\maven\maven_jar\mysql\mysql-connector-java\8.0.19\mysql-connector-java-8.0.19.jar;D:\maven\maven_jar\org\springframework\boot\spring-boot-devtools\2.2.4.RELEASE\spring-boot-devtools-2.2.4.RELEASE.jar;D:\maven\maven_jar\org\springframework\boot\spring-boot\2.2.4.RELEASE\spring-boot-2.2.4.RELEASE.jar;D:\maven\maven_jar\org\springframework\boot\spring-boot-autoconfigure\2.2.4.RELEASE\spring-boot-autoconfigure-2.2.4.RELEASE.jar;D:\maven\maven_jar\org\springframework\boot\spring-boot-starter-data-redis\2.2.4.RELEASE\spring-boot-starter-data-redis-2.2.4.RELEASE.jar;D:\maven\maven_jar\org\springframework\data\spring-data-redis\2.2.4.RELEASE\spring-data-redis-2.2.4.RELEASE.jar;D:\maven\maven_jar\org\springframework\data\spring-data-keyvalue\2.2.4.RELEASE\spring-data-keyvalue-2.2.4.RELEASE.jar;D:\maven\maven_jar\org\springframework\data\spring-data-commons\2.2.4.RELEASE\spring-data-commons-2.2.4.RELEASE.jar;D:\maven\maven_jar\org\springframework\spring-oxm\5.2.3.RELEASE\spring-oxm-5.2.3.RELEASE.jar;D:\maven\maven_jar\org\springframework\spring-context-support\5.2.3.RELEASE\spring-context-support-5.2.3.RELEASE.jar;D:\maven\maven_jar\io\lettuce\lettuce-core\5.2.1.RELEASE\lettuce-core-5.2.1.RELEASE.jar;D:\maven\maven_jar\io\netty\netty-common\4.1.45.Final\netty-common-4.1.45.Final.jar;D:\maven\maven_jar\io\netty\netty-handler\4.1.45.Final\netty-handler-4.1.45.Final.jar;D:\maven\maven_jar\io\netty\netty-buffer\4.1.45.Final\netty-buffer-4.1.45.Final.jar;D:\maven\maven_jar\io\netty\netty-codec\4.1.45.Final\netty-codec-4.1.45.Final.jar;D:\maven\maven_jar\io\netty\netty-transport\4.1.45.Final\netty-transport-4.1.45.Final.jar;D:\maven\maven_jar\io\netty\netty-resolver\4.1.45.Final\netty-resolver-4.1.45.Final.jar;D:\maven\maven_jar\org\apache\commons\commons-pool2\2.6.0\commons-pool2-2.6.0.jar;D:\maven\maven_jar\org\springframework\boot\spring-boot-starter-websocket\2.2.4.RELEASE\spring-boot-starter-websocket-2.2.4.RELEASE.jar;D:\maven\maven_jar\org\springframework\spring-messaging\5.2.3.RELEASE\spring-messaging-5.2.3.RELEASE.jar;D:\maven\maven_jar\org\springframework\spring-websocket\5.2.3.RELEASE\spring-websocket-5.2.3.RELEASE.jar;D:\maven\maven_jar\org\springframework\boot\spring-boot-starter-test\2.2.4.RELEASE\spring-boot-starter-test-2.2.4.RELEASE.jar;D:\maven\maven_jar\org\springframework\boot\spring-boot-test\2.2.4.RELEASE\spring-boot-test-2.2.4.RELEASE.jar;D:\maven\maven_jar\org\springframework\boot\spring-boot-test-autoconfigure\2.2.4.RELEASE\spring-boot-test-autoconfigure-2.2.4.RELEASE.jar;D:\maven\maven_jar\com\jayway\jsonpath\json-path\2.4.0\json-path-2.4.0.jar;D:\maven\maven_jar\net\minidev\json-smart\2.3\json-smart-2.3.jar;D:\maven\maven_jar\net\minidev\accessors-smart\1.2\accessors-smart-1.2.jar;D:\maven\maven_jar\org\ow2\asm\asm\5.0.4\asm-5.0.4.jar;D:\maven\maven_jar\jakarta\xml\bind\jakarta.xml.bind-api\2.3.2\jakarta.xml.bind-api-2.3.2.jar;D:\maven\maven_jar\jakarta\activation\jakarta.activation-api\1.2.1\jakarta.activation-api-1.2.1.jar;D:\maven\maven_jar\org\junit\jupiter\junit-jupiter\5.5.2\junit-jupiter-5.5.2.jar;D:\maven\maven_jar\org\junit\jupiter\junit-jupiter-api\5.5.2\junit-jupiter-api-5.5.2.jar;D:\maven\maven_jar\org\opentest4j\opentest4j\1.2.0\opentest4j-1.2.0.jar;D:\maven\maven_jar\org\junit\platform\junit-platform-commons\1.5.2\junit-platform-commons-1.5.2.jar;D:\maven\maven_jar\org\junit\jupiter\junit-jupiter-params\5.5.2\junit-jupiter-params-5.5.2.jar;D:\maven\maven_jar\org\junit\jupiter\junit-jupiter-engine\5.5.2\junit-jupiter-engine-5.5.2.jar;D:\maven\maven_jar\org\junit\vintage\junit-vintage-engine\5.5.2\junit-vintage-engine-5.5.2.jar;D:\maven\maven_jar\org\apiguardian\apiguardian-api\1.1.0\apiguardian-api-1.1.0.jar;D:\maven\maven_jar\org\junit\platform\junit-platform-engine\1.5.2\junit-platform-engine-1.5.2.jar;D:\maven\maven_jar\junit\junit\4.12\junit-4.12.jar;D:\maven\maven_jar\org\mockito\mockito-junit-jupiter\3.1.0\mockito-junit-jupiter-3.1.0.jar;D:\maven\maven_jar\org\assertj\assertj-core\3.13.2\assertj-core-3.13.2.jar;D:\maven\maven_jar\org\hamcrest\hamcrest\2.1\hamcrest-2.1.jar;D:\maven\maven_jar\org\mockito\mockito-core\3.1.0\mockito-core-3.1.0.jar;D:\maven\maven_jar\net\bytebuddy\byte-buddy\1.10.6\byte-buddy-1.10.6.jar;D:\maven\maven_jar\net\bytebuddy\byte-buddy-agent\1.10.6\byte-buddy-agent-1.10.6.jar;D:\maven\maven_jar\org\objenesis\objenesis\2.6\objenesis-2.6.jar;D:\maven\maven_jar\org\skyscreamer\jsonassert\1.5.0\jsonassert-1.5.0.jar;D:\maven\maven_jar\com\vaadin\external\google\android-json\0.0.20131108.vaadin1\android-json-0.0.20131108.vaadin1.jar;D:\maven\maven_jar\org\springframework\spring-core\5.2.3.RELEASE\spring-core-5.2.3.RELEASE.jar;D:\maven\maven_jar\org\springframework\spring-jcl\5.2.3.RELEASE\spring-jcl-5.2.3.RELEASE.jar;D:\maven\maven_jar\org\springframework\spring-test\5.2.3.RELEASE\spring-test-5.2.3.RELEASE.jar;D:\maven\maven_jar\org\xmlunit\xmlunit-core\2.6.3\xmlunit-core-2.6.3.jar;D:\maven\maven_jar\org\projectlombok\lombok\1.18.0\lombok-1.18.0.jar;D:\maven\maven_jar\io\projectreactor\reactor-core\3.3.2.RELEASE\reactor-core-3.3.2.RELEASE.jar;D:\maven\maven_jar\org\reactivestreams\reactive-streams\1.0.3\reactive-streams-1.0.3.jar;D:\maven\maven_jar\org\springframework\boot\spring-boot-starter-webflux\2.2.4.RELEASE\spring-boot-starter-webflux-2.2.4.RELEASE.jar;D:\maven\maven_jar\org\springframework\boot\spring-boot-starter-reactor-netty\2.2.4.RELEASE\spring-boot-starter-reactor-netty-2.2.4.RELEASE.jar;D:\maven\maven_jar\io\projectreactor\netty\reactor-netty\0.9.4.RELEASE\reactor-netty-0.9.4.RELEASE.jar;D:\maven\maven_jar\io\netty\netty-codec-http\4.1.45.Final\netty-codec-http-4.1.45.Final.jar;D:\maven\maven_jar\io\netty\netty-codec-http2\4.1.45.Final\netty-codec-http2-4.1.45.Final.jar;D:\maven\maven_jar\io\netty\netty-handler-proxy\4.1.45.Final\netty-handler-proxy-4.1.45.Final.jar;D:\maven\maven_jar\io\netty\netty-codec-socks\4.1.45.Final\netty-codec-socks-4.1.45.Final.jar;D:\maven\maven_jar\io\netty\netty-transport-native-epoll\4.1.45.Final\netty-transport-native-epoll-4.1.45.Final-linux-x86_64.jar;D:\maven\maven_jar\io\netty\netty-transport-native-unix-common\4.1.45.Final\netty-transport-native-unix-common-4.1.45.Final.jar;D:\maven\maven_jar\org\glassfish\jakarta.el\3.0.3\jakarta.el-3.0.3.jar;D:\maven\maven_jar\org\springframework\spring-webflux\5.2.3.RELEASE\spring-webflux-5.2.3.RELEASE.jar;D:\maven\maven_jar\org\synchronoss\cloud\nio-multipart-parser\1.1.0\nio-multipart-parser-1.1.0.jar;D:\maven\maven_jar\org\synchronoss\cloud\nio-stream-storage\1.1.3\nio-stream-storage-1.1.3.jar;D:\maven\maven_jar\io\projectreactor\reactor-net\2.0.8.RELEASE\reactor-net-2.0.8.RELEASE.jar;D:\maven\maven_jar\io\projectreactor\reactor-bus\2.0.8.RELEASE\reactor-bus-2.0.8.RELEASE.jar;D:\maven\maven_jar\com\goldmansachs\gs-collections\5.1.0\gs-collections-5.1.0.jar;D:\maven\maven_jar\com\goldmansachs\gs-collections-api\5.1.0\gs-collections-api-5.1.0.jar;D:\maven\maven_jar\io\projectreactor\reactor-stream\2.0.8.RELEASE\reactor-stream-2.0.8.RELEASE.jar;D:\maven\maven_jar\com\baomidou\mybatis-plus-boot-starter\3.1.0\mybatis-plus-boot-starter-3.1.0.jar;D:\maven\maven_jar\com\baomidou\mybatis-plus\3.1.0\mybatis-plus-3.1.0.jar;D:\maven\maven_jar\com\baomidou\mybatis-plus-extension\3.1.0\mybatis-plus-extension-3.1.0.jar;D:\maven\maven_jar\com\baomidou\mybatis-plus-core\3.1.0\mybatis-plus-core-3.1.0.jar;D:\maven\maven_jar\com\baomidou\mybatis-plus-annotation\3.1.0\mybatis-plus-annotation-3.1.0.jar;D:\maven\maven_jar\org\apache\commons\commons-lang3\3.8.1\commons-lang3-3.8.1.jar;D:\maven\maven_jar\com\github\pagehelper\pagehelper\5.1.10\pagehelper-5.1.10.jar;D:\maven\maven_jar\com\github\jsqlparser\jsqlparser\2.0\jsqlparser-2.0.jar;"/>
    <property name="java.vm.vendor" value="Oracle Corporation"/>
    <property name="sun.arch.data.model" value="64"/>
    <property name="user.variant" value=""/>
    <property name="java.vendor.url" value="http://java.oracle.com/"/>
    <property name="user.timezone" value="Asia/Shanghai"/>
    <property name="java.vm.specification.version" value="1.8"/>
    <property name="os.name" value="Windows 10"/>
    <property name="user.country" value="CN"/>
    <property name="sun.java.launcher" value="SUN_STANDARD"/>
    <property name="sun.boot.library.path" value="D:\Java\jdk\jre\bin"/>
    <property name="sun.java.command" value="C:\Users\dell\AppData\Local\Temp\surefire3405978129959448584\surefirebooter2688579743279387561.jar C:\Users\dell\AppData\Local\Temp\surefire3405978129959448584 2020-05-31T23-53-23_712-jvmRun1 surefire3665246513854647985tmp surefire_0713208553082798701tmp"/>
    <property name="surefire.test.class.path" value="E:\workplace\liveLearningPlatform-master\target\test-classes;E:\workplace\liveLearningPlatform-master\target\classes;D:\maven\maven_jar\org\springframework\boot\spring-boot-starter-jdbc\2.2.4.RELEASE\spring-boot-starter-jdbc-2.2.4.RELEASE.jar;D:\maven\maven_jar\org\springframework\boot\spring-boot-starter\2.2.4.RELEASE\spring-boot-starter-2.2.4.RELEASE.jar;D:\maven\maven_jar\org\springframework\boot\spring-boot-starter-logging\2.2.4.RELEASE\spring-boot-starter-logging-2.2.4.RELEASE.jar;D:\maven\maven_jar\ch\qos\logback\logback-classic\1.2.3\logback-classic-1.2.3.jar;D:\maven\maven_jar\ch\qos\logback\logback-core\1.2.3\logback-core-1.2.3.jar;D:\maven\maven_jar\org\apache\logging\log4j\log4j-to-slf4j\2.12.1\log4j-to-slf4j-2.12.1.jar;D:\maven\maven_jar\org\apache\logging\log4j\log4j-api\2.12.1\log4j-api-2.12.1.jar;D:\maven\maven_jar\org\slf4j\jul-to-slf4j\1.7.30\jul-to-slf4j-1.7.30.jar;D:\maven\maven_jar\jakarta\annotation\jakarta.annotation-api\1.3.5\jakarta.annotation-api-1.3.5.jar;D:\maven\maven_jar\org\yaml\snakeyaml\1.25\snakeyaml-1.25.jar;D:\maven\maven_jar\com\zaxxer\HikariCP\3.4.2\HikariCP-3.4.2.jar;D:\maven\maven_jar\org\slf4j\slf4j-api\1.7.30\slf4j-api-1.7.30.jar;D:\maven\maven_jar\org\springframework\spring-jdbc\5.2.3.RELEASE\spring-jdbc-5.2.3.RELEASE.jar;D:\maven\maven_jar\org\springframework\spring-beans\5.2.3.RELEASE\spring-beans-5.2.3.RELEASE.jar;D:\maven\maven_jar\org\springframework\spring-tx\5.2.3.RELEASE\spring-tx-5.2.3.RELEASE.jar;D:\maven\maven_jar\org\springframework\boot\spring-boot-starter-web\2.2.4.RELEASE\spring-boot-starter-web-2.2.4.RELEASE.jar;D:\maven\maven_jar\org\springframework\boot\spring-boot-starter-json\2.2.4.RELEASE\spring-boot-starter-json-2.2.4.RELEASE.jar;D:\maven\maven_jar\com\fasterxml\jackson\core\jackson-databind\2.10.2\jackson-databind-2.10.2.jar;D:\maven\maven_jar\com\fasterxml\jackson\core\jackson-annotations\2.10.2\jackson-annotations-2.10.2.jar;D:\maven\maven_jar\com\fasterxml\jackson\core\jackson-core\2.10.2\jackson-core-2.10.2.jar;D:\maven\maven_jar\com\fasterxml\jackson\datatype\jackson-datatype-jdk8\2.10.2\jackson-datatype-jdk8-2.10.2.jar;D:\maven\maven_jar\com\fasterxml\jackson\datatype\jackson-datatype-jsr310\2.10.2\jackson-datatype-jsr310-2.10.2.jar;D:\maven\maven_jar\com\fasterxml\jackson\module\jackson-module-parameter-names\2.10.2\jackson-module-parameter-names-2.10.2.jar;D:\maven\maven_jar\org\springframework\boot\spring-boot-starter-tomcat\2.2.4.RELEASE\spring-boot-starter-tomcat-2.2.4.RELEASE.jar;D:\maven\maven_jar\org\apache\tomcat\embed\tomcat-embed-core\9.0.30\tomcat-embed-core-9.0.30.jar;D:\maven\maven_jar\org\apache\tomcat\embed\tomcat-embed-el\9.0.30\tomcat-embed-el-9.0.30.jar;D:\maven\maven_jar\org\apache\tomcat\embed\tomcat-embed-websocket\9.0.30\tomcat-embed-websocket-9.0.30.jar;D:\maven\maven_jar\org\springframework\boot\spring-boot-starter-validation\2.2.4.RELEASE\spring-boot-starter-validation-2.2.4.RELEASE.jar;D:\maven\maven_jar\jakarta\validation\jakarta.validation-api\2.0.2\jakarta.validation-api-2.0.2.jar;D:\maven\maven_jar\org\hibernate\validator\hibernate-validator\6.0.18.Final\hibernate-validator-6.0.18.Final.jar;D:\maven\maven_jar\org\jboss\logging\jboss-logging\3.4.1.Final\jboss-logging-3.4.1.Final.jar;D:\maven\maven_jar\com\fasterxml\classmate\1.5.1\classmate-1.5.1.jar;D:\maven\maven_jar\org\springframework\spring-web\5.2.3.RELEASE\spring-web-5.2.3.RELEASE.jar;D:\maven\maven_jar\org\springframework\spring-webmvc\5.2.3.RELEASE\spring-webmvc-5.2.3.RELEASE.jar;D:\maven\maven_jar\org\springframework\spring-aop\5.2.3.RELEASE\spring-aop-5.2.3.RELEASE.jar;D:\maven\maven_jar\org\springframework\spring-context\5.2.3.RELEASE\spring-context-5.2.3.RELEASE.jar;D:\maven\maven_jar\org\springframework\spring-expression\5.2.3.RELEASE\spring-expression-5.2.3.RELEASE.jar;D:\maven\maven_jar\org\mybatis\spring\boot\mybatis-spring-boot-starter\2.1.1\mybatis-spring-boot-starter-2.1.1.jar;D:\maven\maven_jar\org\mybatis\spring\boot\mybatis-spring-boot-autoconfigure\2.1.1\mybatis-spring-boot-autoconfigure-2.1.1.jar;D:\maven\maven_jar\org\mybatis\mybatis\3.5.3\mybatis-3.5.3.jar;D:\maven\maven_jar\org\mybatis\mybatis-spring\2.0.3\mybatis-spring-2.0.3.jar;D:\maven\maven_jar\mysql\mysql-connector-java\8.0.19\mysql-connector-java-8.0.19.jar;D:\maven\maven_jar\org\springframework\boot\spring-boot-devtools\2.2.4.RELEASE\spring-boot-devtools-2.2.4.RELEASE.jar;D:\maven\maven_jar\org\springframework\boot\spring-boot\2.2.4.RELEASE\spring-boot-2.2.4.RELEASE.jar;D:\maven\maven_jar\org\springframework\boot\spring-boot-autoconfigure\2.2.4.RELEASE\spring-boot-autoconfigure-2.2.4.RELEASE.jar;D:\maven\maven_jar\org\springframework\boot\spring-boot-starter-data-redis\2.2.4.RELEASE\spring-boot-starter-data-redis-2.2.4.RELEASE.jar;D:\maven\maven_jar\org\springframework\data\spring-data-redis\2.2.4.RELEASE\spring-data-redis-2.2.4.RELEASE.jar;D:\maven\maven_jar\org\springframework\data\spring-data-keyvalue\2.2.4.RELEASE\spring-data-keyvalue-2.2.4.RELEASE.jar;D:\maven\maven_jar\org\springframework\data\spring-data-commons\2.2.4.RELEASE\spring-data-commons-2.2.4.RELEASE.jar;D:\maven\maven_jar\org\springframework\spring-oxm\5.2.3.RELEASE\spring-oxm-5.2.3.RELEASE.jar;D:\maven\maven_jar\org\springframework\spring-context-support\5.2.3.RELEASE\spring-context-support-5.2.3.RELEASE.jar;D:\maven\maven_jar\io\lettuce\lettuce-core\5.2.1.RELEASE\lettuce-core-5.2.1.RELEASE.jar;D:\maven\maven_jar\io\netty\netty-common\4.1.45.Final\netty-common-4.1.45.Final.jar;D:\maven\maven_jar\io\netty\netty-handler\4.1.45.Final\netty-handler-4.1.45.Final.jar;D:\maven\maven_jar\io\netty\netty-buffer\4.1.45.Final\netty-buffer-4.1.45.Final.jar;D:\maven\maven_jar\io\netty\netty-codec\4.1.45.Final\netty-codec-4.1.45.Final.jar;D:\maven\maven_jar\io\netty\netty-transport\4.1.45.Final\netty-transport-4.1.45.Final.jar;D:\maven\maven_jar\io\netty\netty-resolver\4.1.45.Final\netty-resolver-4.1.45.Final.jar;D:\maven\maven_jar\org\apache\commons\commons-pool2\2.6.0\commons-pool2-2.6.0.jar;D:\maven\maven_jar\org\springframework\boot\spring-boot-starter-websocket\2.2.4.RELEASE\spring-boot-starter-websocket-2.2.4.RELEASE.jar;D:\maven\maven_jar\org\springframework\spring-messaging\5.2.3.RELEASE\spring-messaging-5.2.3.RELEASE.jar;D:\maven\maven_jar\org\springframework\spring-websocket\5.2.3.RELEASE\spring-websocket-5.2.3.RELEASE.jar;D:\maven\maven_jar\org\springframework\boot\spring-boot-starter-test\2.2.4.RELEASE\spring-boot-starter-test-2.2.4.RELEASE.jar;D:\maven\maven_jar\org\springframework\boot\spring-boot-test\2.2.4.RELEASE\spring-boot-test-2.2.4.RELEASE.jar;D:\maven\maven_jar\org\springframework\boot\spring-boot-test-autoconfigure\2.2.4.RELEASE\spring-boot-test-autoconfigure-2.2.4.RELEASE.jar;D:\maven\maven_jar\com\jayway\jsonpath\json-path\2.4.0\json-path-2.4.0.jar;D:\maven\maven_jar\net\minidev\json-smart\2.3\json-smart-2.3.jar;D:\maven\maven_jar\net\minidev\accessors-smart\1.2\accessors-smart-1.2.jar;D:\maven\maven_jar\org\ow2\asm\asm\5.0.4\asm-5.0.4.jar;D:\maven\maven_jar\jakarta\xml\bind\jakarta.xml.bind-api\2.3.2\jakarta.xml.bind-api-2.3.2.jar;D:\maven\maven_jar\jakarta\activation\jakarta.activation-api\1.2.1\jakarta.activation-api-1.2.1.jar;D:\maven\maven_jar\org\junit\jupiter\junit-jupiter\5.5.2\junit-jupiter-5.5.2.jar;D:\maven\maven_jar\org\junit\jupiter\junit-jupiter-api\5.5.2\junit-jupiter-api-5.5.2.jar;D:\maven\maven_jar\org\opentest4j\opentest4j\1.2.0\opentest4j-1.2.0.jar;D:\maven\maven_jar\org\junit\platform\junit-platform-commons\1.5.2\junit-platform-commons-1.5.2.jar;D:\maven\maven_jar\org\junit\jupiter\junit-jupiter-params\5.5.2\junit-jupiter-params-5.5.2.jar;D:\maven\maven_jar\org\junit\jupiter\junit-jupiter-engine\5.5.2\junit-jupiter-engine-5.5.2.jar;D:\maven\maven_jar\org\junit\vintage\junit-vintage-engine\5.5.2\junit-vintage-engine-5.5.2.jar;D:\maven\maven_jar\org\apiguardian\apiguardian-api\1.1.0\apiguardian-api-1.1.0.jar;D:\maven\maven_jar\org\junit\platform\junit-platform-engine\1.5.2\junit-platform-engine-1.5.2.jar;D:\maven\maven_jar\junit\junit\4.12\junit-4.12.jar;D:\maven\maven_jar\org\mockito\mockito-junit-jupiter\3.1.0\mockito-junit-jupiter-3.1.0.jar;D:\maven\maven_jar\org\assertj\assertj-core\3.13.2\assertj-core-3.13.2.jar;D:\maven\maven_jar\org\hamcrest\hamcrest\2.1\hamcrest-2.1.jar;D:\maven\maven_jar\org\mockito\mockito-core\3.1.0\mockito-core-3.1.0.jar;D:\maven\maven_jar\net\bytebuddy\byte-buddy\1.10.6\byte-buddy-1.10.6.jar;D:\maven\maven_jar\net\bytebuddy\byte-buddy-agent\1.10.6\byte-buddy-agent-1.10.6.jar;D:\maven\maven_jar\org\objenesis\objenesis\2.6\objenesis-2.6.jar;D:\maven\maven_jar\org\skyscreamer\jsonassert\1.5.0\jsonassert-1.5.0.jar;D:\maven\maven_jar\com\vaadin\external\google\android-json\0.0.20131108.vaadin1\android-json-0.0.20131108.vaadin1.jar;D:\maven\maven_jar\org\springframework\spring-core\5.2.3.RELEASE\spring-core-5.2.3.RELEASE.jar;D:\maven\maven_jar\org\springframework\spring-jcl\5.2.3.RELEASE\spring-jcl-5.2.3.RELEASE.jar;D:\maven\maven_jar\org\springframework\spring-test\5.2.3.RELEASE\spring-test-5.2.3.RELEASE.jar;D:\maven\maven_jar\org\xmlunit\xmlunit-core\2.6.3\xmlunit-core-2.6.3.jar;D:\maven\maven_jar\org\projectlombok\lombok\1.18.0\lombok-1.18.0.jar;D:\maven\maven_jar\io\projectreactor\reactor-core\3.3.2.RELEASE\reactor-core-3.3.2.RELEASE.jar;D:\maven\maven_jar\org\reactivestreams\reactive-streams\1.0.3\reactive-streams-1.0.3.jar;D:\maven\maven_jar\org\springframework\boot\spring-boot-starter-webflux\2.2.4.RELEASE\spring-boot-starter-webflux-2.2.4.RELEASE.jar;D:\maven\maven_jar\org\springframework\boot\spring-boot-starter-reactor-netty\2.2.4.RELEASE\spring-boot-starter-reactor-netty-2.2.4.RELEASE.jar;D:\maven\maven_jar\io\projectreactor\netty\reactor-netty\0.9.4.RELEASE\reactor-netty-0.9.4.RELEASE.jar;D:\maven\maven_jar\io\netty\netty-codec-http\4.1.45.Final\netty-codec-http-4.1.45.Final.jar;D:\maven\maven_jar\io\netty\netty-codec-http2\4.1.45.Final\netty-codec-http2-4.1.45.Final.jar;D:\maven\maven_jar\io\netty\netty-handler-proxy\4.1.45.Final\netty-handler-proxy-4.1.45.Final.jar;D:\maven\maven_jar\io\netty\netty-codec-socks\4.1.45.Final\netty-codec-socks-4.1.45.Final.jar;D:\maven\maven_jar\io\netty\netty-transport-native-epoll\4.1.45.Final\netty-transport-native-epoll-4.1.45.Final-linux-x86_64.jar;D:\maven\maven_jar\io\netty\netty-transport-native-unix-common\4.1.45.Final\netty-transport-native-unix-common-4.1.45.Final.jar;D:\maven\maven_jar\org\glassfish\jakarta.el\3.0.3\jakarta.el-3.0.3.jar;D:\maven\maven_jar\org\springframework\spring-webflux\5.2.3.RELEASE\spring-webflux-5.2.3.RELEASE.jar;D:\maven\maven_jar\org\synchronoss\cloud\nio-multipart-parser\1.1.0\nio-multipart-parser-1.1.0.jar;D:\maven\maven_jar\org\synchronoss\cloud\nio-stream-storage\1.1.3\nio-stream-storage-1.1.3.jar;D:\maven\maven_jar\io\projectreactor\reactor-net\2.0.8.RELEASE\reactor-net-2.0.8.RELEASE.jar;D:\maven\maven_jar\io\projectreactor\reactor-bus\2.0.8.RELEASE\reactor-bus-2.0.8.RELEASE.jar;D:\maven\maven_jar\com\goldmansachs\gs-collections\5.1.0\gs-collections-5.1.0.jar;D:\maven\maven_jar\com\goldmansachs\gs-collections-api\5.1.0\gs-collections-api-5.1.0.jar;D:\maven\maven_jar\io\projectreactor\reactor-stream\2.0.8.RELEASE\reactor-stream-2.0.8.RELEASE.jar;D:\maven\maven_jar\com\baomidou\mybatis-plus-boot-starter\3.1.0\mybatis-plus-boot-starter-3.1.0.jar;D:\maven\maven_jar\com\baomidou\mybatis-plus\3.1.0\mybatis-plus-3.1.0.jar;D:\maven\maven_jar\com\baomidou\mybatis-plus-extension\3.1.0\mybatis-plus-extension-3.1.0.jar;D:\maven\maven_jar\com\baomidou\mybatis-plus-core\3.1.0\mybatis-plus-core-3.1.0.jar;D:\maven\maven_jar\com\baomidou\mybatis-plus-annotation\3.1.0\mybatis-plus-annotation-3.1.0.jar;D:\maven\maven_jar\org\apache\commons\commons-lang3\3.8.1\commons-lang3-3.8.1.jar;D:\maven\maven_jar\com\github\pagehelper\pagehelper\5.1.10\pagehelper-5.1.10.jar;D:\maven\maven_jar\com\github\jsqlparser\jsqlparser\2.0\jsqlparser-2.0.jar;"/>
    <property name="sun.cpu.endian" value="little"/>
    <property name="user.home" value="C:\Users\dell"/>
    <property name="user.language" value="zh"/>
    <property name="java.specification.vendor" value="Oracle Corporation"/>
    <property name="java.home" value="D:\Java\jdk\jre"/>
    <property name="basedir" value="E:\workplace\liveLearningPlatform-master"/>
    <property name="file.separator" value="\"/>
    <property name="line.separator" value="&#10;"/>
    <property name="java.vm.specification.vendor" value="Oracle Corporation"/>
    <property name="java.specification.name" value="Java Platform API Specification"/>
    <property name="java.awt.graphicsenv" value="sun.awt.Win32GraphicsEnvironment"/>
    <property name="surefire.real.class.path" value="C:\Users\dell\AppData\Local\Temp\surefire3405978129959448584\surefirebooter2688579743279387561.jar"/>
    <property name="sun.boot.class.path" value="D:\Java\jdk\jre\lib\resources.jar;D:\Java\jdk\jre\lib\rt.jar;D:\Java\jdk\jre\lib\sunrsasign.jar;D:\Java\jdk\jre\lib\jsse.jar;D:\Java\jdk\jre\lib\jce.jar;D:\Java\jdk\jre\lib\charsets.jar;D:\Java\jdk\jre\lib\jfr.jar;D:\Java\jdk\jre\classes"/>
    <property name="user.script" value=""/>
    <property name="sun.management.compiler" value="HotSpot 64-Bit Tiered Compilers"/>
    <property name="java.runtime.version" value="1.8.0_221-b11"/>
    <property name="user.name" value="dell"/>
    <property name="path.separator" value=";"/>
    <property name="os.version" value="10.0"/>
    <property name="java.endorsed.dirs" value="D:\Java\jdk\jre\lib\endorsed"/>
    <property name="java.runtime.name" value="Java(TM) SE Runtime Environment"/>
    <property name="file.encoding" value="GBK"/>
    <property name="java.vm.name" value="Java HotSpot(TM) 64-Bit Server VM"/>
    <property name="idea.version2020.1" value="true"/>
    <property name="localRepository" value="D:\maven\maven_jar"/>
    <property name="java.vendor.url.bug" value="http://bugreport.sun.com/bugreport/"/>
    <property name="java.io.tmpdir" value="C:\Users\dell\AppData\Local\Temp\"/>
    <property name="java.version" value="1.8.0_221"/>
    <property name="user.dir" value="E:\workplace\liveLearningPlatform-master"/>
    <property name="os.arch" value="amd64"/>
    <property name="java.vm.specification.name" value="Java Virtual Machine Specification"/>
    <property name="java.awt.printerjob" value="sun.awt.windows.WPrinterJob"/>
    <property name="sun.os.patch.level" value=""/>
    <property name="java.library.path" value="D:\Java\jdk\jre\bin;C:\WINDOWS\Sun\Java\bin;C:\WINDOWS\system32;C:\WINDOWS;C:\Program Files (x86)\Common Files\Oracle\Java\javapath;C:\Program Files\Microsoft MPI\Bin\;C:;\Program Files (x86)\Common Files\Oracle\Java\javapath;C:\Program Files\Mozilla Firefox;C:\WINDOWS\system32;C:\WINDOWS;C:\WINDOWS\System32\Wbem;C:\WINDOWS\System32\WindowsPowerShell\v1.0\;C:\WINDOWS\System32\OpenSSH\;D:\Java\jdk\bin;D:\MySQL\bin;C:\Program Files (x86)\Microsoft SQL Server\100\Tools\Binn\;C:\Program Files\Microsoft SQL Server\100\Tools\Binn\;C:\Program Files\Microsoft SQL Server\100\DTS\Binn\;C:\Program Files (x86)\Microsoft SQL Server\100\Tools\Binn\VSShell\Common7\IDE\;C:\Program Files (x86)\Microsoft Visual Studio 9.0\Common7\IDE\PrivateAssemblies\;C:\Program Files (x86)\Microsoft SQL Server\100\DTS\Binn\;C:\Program Files\Intel\WiFi\bin\;C:\Program Files\Common Files\Intel\WirelessCommon\;C:\Program Files (x86)\Intel\Intel(R) Management Engine Components\DAL;C:\Program Files\Intel\Intel(R) Management Engine Components\DAL;D:\apache-maven-3.6.3\bin;D:\Git\cmd;C:\Users\dell\AppData\Local\Microsoft\WindowsApps;D:\maven\apache-maven-3.6.3\bin;;."/>
    <property name="java.vm.info" value="mixed mode"/>
    <property name="java.vendor" value="Oracle Corporation"/>
    <property name="java.vm.version" value="25.221-b11"/>
    <property name="java.ext.dirs" value="D:\Java\jdk\jre\lib\ext;C:\WINDOWS\Sun\Java\lib\ext"/>
    <property name="sun.io.unicode.encoding" value="UnicodeLittle"/>
    <property name="maven.repo.local" value="D:\maven\maven_jar"/>
    <property name="java.class.version" value="52.0"/>
  </properties>
  <testcase name="collectionTest" classname="com.java.XmlTest" time="0.052"/>
</testsuite>